<?xml version="1.0" encoding="UTF-8"?>
<!-- Generated by org.testng.reporters.JUnitXMLReporter -->
<testsuite ignored="0" hostname="AX15" failures="2" tests="6" name="Test" time="0.442" errors="0" timestamp="2025-01-15T11:51:07 EST">
  <testcase classname="allure_test.Testcase1" name="testmethod1" time="0.1">
    <failure type="java.lang.AssertionError" message="expected [true] but found [false]">
      <![CDATA[java.lang.AssertionError: expected [true] but found [false]
at allure_test.Testcase1.testmethod1(Testcase1.java:11)
at java.base/java.util.ArrayList.forEach(ArrayList.java:1597)
... Removed 29 stack frames]]>
    </failure>
  </testcase> <!-- testmethod1 -->
  <testcase classname="allure_test.Testcase2" name="testmethod2" time="0.006"/>
  <testcase classname="allure_test.Testcase3" name="testmethod3" time="0.013"/>
  <testcase classname="allure_test.Testcase4" name="testmethod4" time="0.006">
    <failure type="java.lang.AssertionError" message="expected [true] but found [false]">
      <![CDATA[java.lang.AssertionError: expected [true] but found [false]
at allure_test.Testcase4.testmethod4(Testcase4.java:11)
at java.base/java.util.ArrayList.forEach(ArrayList.java:1597)
... Removed 29 stack frames]]>
    </failure>
  </testcase> <!-- testmethod4 -->
  <testcase classname="allure_test.Testcase5" name="testmethod5" time="0.01"/>
  <testcase classname="allure_test.Testcase6" name="testmethod6" time="0.009"/>
</testsuite> <!-- Test -->
